d:\code\git\cstd\include\slgdev1\libslgdev\debug\vc140.pdb
d:\code\git\cstd\include\slgdev1\libslgdev\x64\debug\common.sbr
d:\code\git\cstd\include\slgdev1\libslgdev\x64\debug\devsock.sbr
d:\code\git\cstd\include\slgdev1\libslgdev\x64\debug\dspdevmanager.sbr
d:\code\git\cstd\include\slgdev1\libslgdev\x64\debug\libslgdev.sbr
d:\code\git\cstd\include\slgdev1\libslgdev\x64\debug\yuv2bmp.sbr
d:\code\git\cstd\include\slgdev1\libslgdev\x64\debug\slgserver.sbr
d:\code\git\cstd\include\slgdev1\libslgdev\x64\debug\sockmanager.sbr
d:\code\git\cstd\include\slgdev1\libslgdev\x64\debug\libsock.sbr
d:\code\git\cstd\include\slgdev1\libslgdev\x64\debug\mempool.sbr
d:\code\git\cstd\include\slgdev1\libslgdev\x64\debug\netmanager.sbr
d:\code\git\cstd\include\slgdev1\libslgdev\x64\debug\netprocessor.sbr
d:\code\git\cstd\include\slgdev1\libslgdev\x64\debug\openssl.sbr
d:\code\git\cstd\include\slgdev1\libslgdev\x64\debug\overlappedprocessor.sbr
d:\code\git\cstd\include\slgdev1\libslgdev\x64\debug\selectprocessor.sbr
d:\code\git\cstd\include\slgdev1\libslgdev\x64\debug\socket.sbr
d:\code\git\cstd\include\slgdev1\libslgdev\x64\debug\sockhandle.sbr
d:\code\git\cstd\include\slgdev1\libslgdev\x64\debug\threadpool.sbr
d:\code\git\cstd\include\slgdev1\libslgdev\debug\threadpool.obj
d:\code\git\cstd\include\slgdev1\libslgdev\debug\sockhandle.obj
d:\code\git\cstd\include\slgdev1\libslgdev\debug\socket.obj
d:\code\git\cstd\include\slgdev1\libslgdev\debug\selectprocessor.obj
d:\code\git\cstd\include\slgdev1\libslgdev\debug\openssl.obj
d:\code\git\cstd\include\slgdev1\libslgdev\debug\netprocessor.obj
d:\code\git\cstd\include\slgdev1\libslgdev\debug\netmanager.obj
d:\code\git\cstd\include\slgdev1\libslgdev\debug\mempool.obj
d:\code\git\cstd\include\slgdev1\libslgdev\debug\libsock.obj
d:\code\git\cstd\include\slgdev1\libslgdev\debug\sockmanager.obj
d:\code\git\cstd\include\slgdev1\libslgdev\debug\slgserver.obj
d:\code\git\cstd\include\slgdev1\libslgdev\debug\yuv2bmp.obj
d:\code\git\cstd\include\slgdev1\libslgdev\debug\libslgdev.obj
d:\code\git\cstd\include\slgdev1\libslgdev\debug\dspdevmanager.obj
d:\code\git\cstd\include\slgdev1\libslgdev\debug\devsock.obj
d:\code\git\cstd\include\slgdev1\libslgdev\debug\common.obj
d:\code\git\cstd\include\slgdev1\libslgdev\x64\debug\debugassistant.sbr
d:\code\git\cstd\include\slgdev1\libslgdev\debug\debugassistant.obj
d:\code\git\cstd\include\slgdev1\libslgdev\debug\overlappedprocessor.obj
d:\code\git\cstd\include\slgdev1\libslgdev\x64\debug\libcpmdev.tlog\cl.command.1.tlog
d:\code\git\cstd\include\slgdev1\libslgdev\x64\debug\libcpmdev.tlog\cl.read.1.tlog
d:\code\git\cstd\include\slgdev1\libslgdev\x64\debug\libcpmdev.tlog\cl.write.1.tlog
d:\code\git\cstd\include\slgdev1\libslgdev\x64\debug\libcpmdev.tlog\link.command.1.tlog
d:\code\git\cstd\include\slgdev1\libslgdev\x64\debug\libcpmdev.tlog\link.read.1.tlog
d:\code\git\cstd\include\slgdev1\libslgdev\x64\debug\libcpmdev.tlog\link.write.1.tlog
